<?xml version="1.0" encoding="UTF-8"?>
<!-- Generated by org.testng.reporters.JUnitXMLReporter -->
<testsuite ignored="0" hostname="LAPTOP-HIT85OB1" failures="8" tests="11" name="Test" time="20.051" errors="0" timestamp="2021-07-03T15:46:30 IST">
  <testcase classname="TestScenarios.AddingItems" name="@AfterTest close" time="0.002">
    <failure type="java.lang.NullPointerException" message="Cannot invoke &amp;quot;org.openqa.selenium.WebDriver.close()&amp;quot; because &amp;quot;this.driver&amp;quot; is null">
      <![CDATA[java.lang.NullPointerException: Cannot invoke "org.openqa.selenium.WebDriver.close()" because "this.driver" is null
at TestScenarios.AddingItems.close(AddingItems.java:44)
... Removed 24 stack frames]]>
    </failure>
  </testcase> <!-- @AfterTest close -->
  <testcase classname="TestScenarios.Confirmation" name="@AfterTest close" time="-1.6253073905E9">
    <skipped/>
  </testcase> <!-- @AfterTest close -->
  <testcase classname="TestScenarios.Login" name="@AfterTest close" time="-1.625307390501E9">
    <skipped/>
  </testcase> <!-- @AfterTest close -->
  <testcase classname="TestScenarios.NegativeScenariosLogin" name="@AfterTest close" time="-1.625307390503E9">
    <skipped/>
  </testcase> <!-- @AfterTest close -->
  <testcase classname="TestScenarios.AddingItems" name="Items" time="0.009">
    <failure type="java.lang.NullPointerException" message="Cannot invoke &amp;quot;org.openqa.selenium.WebDriver.findElements(org.openqa.selenium.By)&amp;quot; because &amp;quot;this.driver&amp;quot; is null">
      <![CDATA[java.lang.NullPointerException: Cannot invoke "org.openqa.selenium.WebDriver.findElements(org.openqa.selenium.By)" because "this.driver" is null
at PageFactory.PageRepositoryItems.GetItems(PageRepositoryItems.java:26)
at TestScenarios.AddingItems.additems(AddingItems.java:26)
at TestScenarios.AddingItems.Items(AddingItems.java:19)
at java.base/java.util.ArrayList.forEach(ArrayList.java:1511)
... Removed 27 stack frames]]>
    </failure>
  </testcase> <!-- Items -->
  <testcase classname="TestScenarios.Login" name="Login" time="2.747"/>
  <testcase classname="TestScenarios.Login" name="Login" time="2.051"/>
  <testcase classname="TestScenarios.Login" name="Login" time="7.159"/>
  <testcase classname="TestScenarios.Confirmation" name="confimation" time="0.003">
    <failure type="java.lang.NullPointerException" message="Cannot invoke &amp;quot;org.openqa.selenium.WebDriver.findElement(org.openqa.selenium.By)&amp;quot; because &amp;quot;this.driver&amp;quot; is null">
      <![CDATA[java.lang.NullPointerException: Cannot invoke "org.openqa.selenium.WebDriver.findElement(org.openqa.selenium.By)" because "this.driver" is null
at PageFactory.PageRepositoryConfirmation.GetConfirmation(PageRepositoryConfirmation.java:15)
at TestScenarios.Confirmation.confimation(Confirmation.java:14)
at java.base/java.util.ArrayList.forEach(ArrayList.java:1511)
... Removed 27 stack frames]]>
    </failure>
  </testcase> <!-- confimation -->
  <testcase classname="TestScenarios.Finish" name="finish" time="0.0">
    <failure type="java.lang.NullPointerException" message="Cannot invoke &amp;quot;org.openqa.selenium.JavascriptExecutor.executeScript(String, Object[])&amp;quot; because &amp;quot;js&amp;quot; is null">
      <![CDATA[java.lang.NullPointerException: Cannot invoke "org.openqa.selenium.JavascriptExecutor.executeScript(String, Object[])" because "js" is null
at TestScenarios.Finish.finish(Finish.java:16)
at java.base/java.util.ArrayList.forEach(ArrayList.java:1511)
... Removed 27 stack frames]]>
    </failure>
  </testcase> <!-- finish -->
  <testcase classname="TestScenarios.NegativeScenariosLogin" name="Negative" time="2.008">
    <failure type="org.testng.internal.thread.ThreadTimeoutException" message="Method TestScenarios.NegativeScenariosLogin.Negative() didn&amp;apos;t finish within the time-out 2000">
      <![CDATA[org.testng.internal.thread.ThreadTimeoutException: Method TestScenarios.NegativeScenariosLogin.Negative() didn't finish within the time-out 2000
at java.base/java.util.ArrayList.forEach(ArrayList.java:1511)
... Removed 24 stack frames]]>
    </failure>
  </testcase> <!-- Negative -->
  <testcase classname="TestScenarios.NegativeScenariosLogin" name="Negative" time="2.004">
    <failure type="org.testng.internal.thread.ThreadTimeoutException" message="Method TestScenarios.NegativeScenariosLogin.Negative() didn&amp;apos;t finish within the time-out 2000">
      <![CDATA[org.testng.internal.thread.ThreadTimeoutException: Method TestScenarios.NegativeScenariosLogin.Negative() didn't finish within the time-out 2000
at java.base/java.util.ArrayList.forEach(ArrayList.java:1511)
... Removed 24 stack frames]]>
    </failure>
  </testcase> <!-- Negative -->
  <testcase classname="TestScenarios.NegativeScenariosLogin" name="Negative" time="2.003">
    <failure type="org.testng.internal.thread.ThreadTimeoutException" message="Method TestScenarios.NegativeScenariosLogin.Negative() didn&amp;apos;t finish within the time-out 2000">
      <![CDATA[org.testng.internal.thread.ThreadTimeoutException: Method TestScenarios.NegativeScenariosLogin.Negative() didn't finish within the time-out 2000
at java.base/java.util.ArrayList.forEach(ArrayList.java:1511)
... Removed 24 stack frames]]>
    </failure>
  </testcase> <!-- Negative -->
  <testcase classname="TestScenarios.NegativeScenariosLogin" name="Negative" time="2.004">
    <failure type="org.testng.internal.thread.ThreadTimeoutException" message="Method TestScenarios.NegativeScenariosLogin.Negative() didn&amp;apos;t finish within the time-out 2000">
      <![CDATA[org.testng.internal.thread.ThreadTimeoutException: Method TestScenarios.NegativeScenariosLogin.Negative() didn't finish within the time-out 2000
at java.base/java.util.ArrayList.forEach(ArrayList.java:1511)
... Removed 24 stack frames]]>
    </failure>
  </testcase> <!-- Negative -->
  <testcase classname="TestScenarios.Checkout" name="checkout" time="0.003">
    <failure type="java.lang.NullPointerException" message="Cannot invoke &amp;quot;org.openqa.selenium.WebDriver.findElement(org.openqa.selenium.By)&amp;quot; because &amp;quot;this.driver&amp;quot; is null">
      <![CDATA[java.lang.NullPointerException: Cannot invoke "org.openqa.selenium.WebDriver.findElement(org.openqa.selenium.By)" because "this.driver" is null
at PageFactory.PageRepositoryCheckout.GetFirstName(PageRepositoryCheckout.java:18)
at TestScenarios.Checkout.checkout(Checkout.java:16)
at java.base/java.util.ArrayList.forEach(ArrayList.java:1511)
... Removed 27 stack frames]]>
    </failure>
  </testcase> <!-- checkout -->
</testsuite> <!-- Test -->
