<?xml version="1.0" encoding="UTF-8"?>
<!-- Generated by org.testng.reporters.JUnitXMLReporter -->
<testsuite ignored="0" hostname="LAPTOP-HIT85OB1" failures="3" tests="7" name="Test(failed)" time="6.142" errors="0" timestamp="2021-07-03T15:10:10 IST">
  <testcase classname="TestScenarios.NegativeScenariosLogin" name="Negative" time="2.01">
    <failure type="org.testng.internal.thread.ThreadTimeoutException" message="Method TestScenarios.NegativeScenariosLogin.Negative() didn&amp;apos;t finish within the time-out 2000">
      <![CDATA[org.testng.internal.thread.ThreadTimeoutException: Method TestScenarios.NegativeScenariosLogin.Negative() didn't finish within the time-out 2000
at java.base/java.util.ArrayList.forEach(ArrayList.java:1511)
... Removed 24 stack frames]]>
    </failure>
  </testcase> <!-- Negative -->
  <testcase classname="TestScenarios.NegativeScenariosLogin" name="Negative" time="2.006">
    <failure type="org.testng.internal.thread.ThreadTimeoutException" message="Method TestScenarios.NegativeScenariosLogin.Negative() didn&amp;apos;t finish within the time-out 2000">
      <![CDATA[org.testng.internal.thread.ThreadTimeoutException: Method TestScenarios.NegativeScenariosLogin.Negative() didn't finish within the time-out 2000
at java.base/java.util.ArrayList.forEach(ArrayList.java:1511)
... Removed 24 stack frames]]>
    </failure>
  </testcase> <!-- Negative -->
  <testcase classname="TestScenarios.NegativeScenariosLogin" name="Negative" time="2.002"/>
  <testcase classname="TestScenarios.MainTest" name="items" time="0.001">
    <failure type="java.lang.NullPointerException" message="Cannot invoke &amp;quot;org.openqa.selenium.WebDriver.findElements(org.openqa.selenium.By)&amp;quot; because &amp;quot;this.driver&amp;quot; is null">
      <![CDATA[java.lang.NullPointerException: Cannot invoke "org.openqa.selenium.WebDriver.findElements(org.openqa.selenium.By)" because "this.driver" is null
at PageFactory.PageRepositoryItems.GetItems(PageRepositoryItems.java:24)
at TestScenarios.MainTest.additems(MainTest.java:40)
at TestScenarios.MainTest.items(MainTest.java:32)
at java.base/java.util.ArrayList.forEach(ArrayList.java:1511)
... Removed 27 stack frames]]>
    </failure>
  </testcase> <!-- items -->
  <testcase classname="TestScenarios.MainTest" name="checkout" time="0.0">
    <skipped/>
  </testcase> <!-- checkout -->
  <testcase classname="TestScenarios.MainTest" name="finish" time="0.0">
    <skipped/>
  </testcase> <!-- finish -->
  <testcase classname="TestScenarios.MainTest" name="confimation" time="0.0">
    <skipped/>
  </testcase> <!-- confimation -->
</testsuite> <!-- Test(failed) -->
